Using pre-set license
Built from '2020.3/release' branch; Version is '2020.3.31f1 (6b54b7616050) revision 7034039'; Using compiler version '192528614'; Build Type 'Release'
OS: 'Windows 11  (10.0.22000) 64bit Core' Language: 'ko' Physical Memory: 16305 MB
BatchMode: 1, IsHumanControllingUs: 0, StartBugReporterOnCrash: 0, Is64bit: 1, IsPro: 0

COMMAND LINE ARGUMENTS:
C:\Program Files\Unity\Hub\Editor\2020.3.31f1\Editor\Unity.exe
-adb2
-batchMode
-noUpm
-name
AssetImportWorker0
-projectPath
C:/Users/SAMSUNG/4강-2
-logFile
Logs/AssetImportWorker0.log
-srvPort
8340
Successfully changed project path to: C:/Users/SAMSUNG/4강-2
C:/Users/SAMSUNG/4강-2
Using Asset Import Pipeline V2.
Refreshing native plugins compatible for Editor in 34.83 ms, found 2 plugins.
Preloading 0 native plugins for Editor in 0.00 ms.
Initialize engine version: 2020.3.31f1 (6b54b7616050)
[Subsystems] Discovering subsystems at path C:/Program Files/Unity/Hub/Editor/2020.3.31f1/Editor/Data/Resources/UnitySubsystems
[Subsystems] Discovering subsystems at path C:/Users/SAMSUNG/4강-2/Assets
GfxDevice: creating device client; threaded=0
Direct3D:
    Version:  Direct3D 11.0 [level 11.1]
    Renderer: NVIDIA GeForce RTX 2060 (ID=0x1f55)
    Vendor:   
    VRAM:     5980 MB
    Driver:   27.21.14.5167
Initialize mono
Mono path[0] = 'C:/Program Files/Unity/Hub/Editor/2020.3.31f1/Editor/Data/Managed'
Mono path[1] = 'C:/Program Files/Unity/Hub/Editor/2020.3.31f1/Editor/Data/MonoBleedingEdge/lib/mono/unityjit'
Mono config path = 'C:/Program Files/Unity/Hub/Editor/2020.3.31f1/Editor/Data/MonoBleedingEdge/etc'
Using monoOptions --debugger-agent=transport=dt_socket,embedding=1,server=y,suspend=n,address=127.0.0.1:56992
Begin MonoManager ReloadAssembly
Registering precompiled unity dll's ...
Register platform support module: C:/Program Files/Unity/Hub/Editor/2020.3.31f1/Editor/Data/PlaybackEngines/WebGLSupport/UnityEditor.WebGL.Extensions.dll
Register platform support module: C:/Program Files/Unity/Hub/Editor/2020.3.31f1/Editor/Data/PlaybackEngines/WindowsStandaloneSupport/UnityEditor.WindowsStandalone.Extensions.dll
Registered in 0.001765 seconds.
Native extension for WindowsStandalone target not found
Native extension for WebGL target not found
Refreshing native plugins compatible for Editor in 30.23 ms, found 2 plugins.
Preloading 0 native plugins for Editor in 0.00 ms.
Mono: successfully reloaded assembly
- Completed reload, in  0.490 seconds
Domain Reload Profiling:
	ReloadAssembly (490ms)
		BeginReloadAssembly (62ms)
			ExecutionOrderSort (0ms)
			DisableScriptedObjects (0ms)
			BackupInstance (0ms)
			ReleaseScriptingObjects (0ms)
			CreateAndSetChildDomain (1ms)
		EndReloadAssembly (366ms)
			LoadAssemblies (60ms)
			RebuildTransferFunctionScriptingTraits (0ms)
			SetupTypeCache (124ms)
			ReleaseScriptCaches (0ms)
			RebuildScriptCaches (25ms)
			SetupLoadedEditorAssemblies (137ms)
				LogAssemblyErrors (0ms)
				InitializePlatformSupportModulesInManaged (4ms)
				SetLoadedEditorAssemblies (0ms)
				RefreshPlugins (30ms)
				BeforeProcessingInitializeOnLoad (7ms)
				ProcessInitializeOnLoadAttributes (71ms)
				ProcessInitializeOnLoadMethodAttributes (24ms)
				AfterProcessingInitializeOnLoad (0ms)
				EditorAssembliesLoaded (0ms)
			ExecutionOrderSort2 (0ms)
			AwakeInstancesAfterBackupRestoration (0ms)
Platform modules already initialized, skipping
Registering precompiled user dll's ...
Registered in 0.002610 seconds.
Begin MonoManager ReloadAssembly
Native extension for WindowsStandalone target not found
Native extension for WebGL target not found
Refreshing native plugins compatible for Editor in 0.36 ms, found 2 plugins.
Preloading 0 native plugins for Editor in 0.00 ms.
Mono: successfully reloaded assembly
- Completed reload, in  0.809 seconds
Domain Reload Profiling:
	ReloadAssembly (810ms)
		BeginReloadAssembly (125ms)
			ExecutionOrderSort (0ms)
			DisableScriptedObjects (4ms)
			BackupInstance (0ms)
			ReleaseScriptingObjects (0ms)
			CreateAndSetChildDomain (15ms)
		EndReloadAssembly (629ms)
			LoadAssemblies (79ms)
			RebuildTransferFunctionScriptingTraits (0ms)
			SetupTypeCache (225ms)
			ReleaseScriptCaches (0ms)
			RebuildScriptCaches (33ms)
			SetupLoadedEditorAssemblies (225ms)
				LogAssemblyErrors (0ms)
				InitializePlatformSupportModulesInManaged (4ms)
				SetLoadedEditorAssemblies (0ms)
				RefreshPlugins (0ms)
				BeforeProcessingInitializeOnLoad (42ms)
				ProcessInitializeOnLoadAttributes (166ms)
				ProcessInitializeOnLoadMethodAttributes (7ms)
				AfterProcessingInitializeOnLoad (5ms)
				EditorAssembliesLoaded (0ms)
			ExecutionOrderSort2 (0ms)
			AwakeInstancesAfterBackupRestoration (5ms)
Platform modules already initialized, skipping
========================================================================
Worker process is ready to serve import requests
Launched and connected shader compiler UnityShaderCompiler.exe after 0.06 seconds
Refreshing native plugins compatible for Editor in 0.50 ms, found 2 plugins.
Preloading 0 native plugins for Editor in 0.00 ms.
Unloading 1508 Unused Serialized files (Serialized files now loaded: 0)
System memory in use before: 70.3 MB.
System memory in use after: 70.3 MB.

Unloading 16 unused Assets to reduce memory usage. Loaded Objects now: 1945.
Total: 2.171600 ms (FindLiveObjects: 0.108900 ms CreateObjectMapping: 0.041000 ms MarkObjects: 1.973200 ms  DeleteObjects: 0.048000 ms)

AssetImportParameters requested are different than current active one (requested -> active):
  custom:framework-win-MediaFoundation: 216162199b28c13a410421893ffa2e32 -> 
  custom:video-decoder-ogg-theora: a1e56fd34408186e4bbccfd4996cb3dc -> 
  custom:container-muxer-webm: aa71ff27fc2769a1b78a27578f13a17b -> 
  custom:container-demuxer-webm: 4f35f7cbe854078d1ac9338744f61a02 -> 
  custom:container-demuxer-ogg: 62fdf1f143b41e24485cea50d1cbac27 -> 
  custom:video-encoder-webm-vp8: eb34c28f22e8b96e1ab97ce403110664 -> 
  custom:video-codec-MediaFoundation-h265: 746d11721c4dcdbdad8f713fa42b33f4 -> 
  custom:video-decoder-webm-vp8: 9c59270c3fd7afecdb556c50c9e8de78 -> 
  custom:audio-decoder-ogg-vorbis: bf7c407c2cedff20999df2af8eb42d56 -> 
  custom:audio-encoder-webm-vorbis: bf7c407c2cedff20999df2af8eb42d56 -> 
========================================================================
Received Import Request.
  path: Assets/New Terrain 1.asset
  artifactKey: Guid(1dd2ee449c3558d499ac0aa26e7871ae) Importer(815301076,1909f56bfc062723c751e8b465ee728b)
Start importing Assets/New Terrain 1.asset using Guid(1dd2ee449c3558d499ac0aa26e7871ae) Importer(815301076,1909f56bfc062723c751e8b465ee728b)  -> (artifact id: 'b03084c4223efa34861556270a256302') in 0.092508 seconds 
========================================================================
Received Import Request.
  Time since last request: 0.000200 seconds.
  path: Assets/상명대학교.fbx
  artifactKey: Guid(f19cd85b7e06bac4e9f4b21908806846) Importer(815301076,1909f56bfc062723c751e8b465ee728b)
Start importing Assets/상명대학교.fbx using Guid(f19cd85b7e06bac4e9f4b21908806846) Importer(815301076,1909f56bfc062723c751e8b465ee728b)  -> (artifact id: '5c91c68f6864d8dab822b56437651875') in 0.249741 seconds 
========================================================================
Received Import Request.
  Time since last request: 0.000142 seconds.
  path: Assets/NewLayer 1.terrainlayer
  artifactKey: Guid(ebdf0635b750ff24a90eb4ae13d777c0) Importer(815301076,1909f56bfc062723c751e8b465ee728b)
Start importing Assets/NewLayer 1.terrainlayer using Guid(ebdf0635b750ff24a90eb4ae13d777c0) Importer(815301076,1909f56bfc062723c751e8b465ee728b)  -> (artifact id: 'b2e23bba7c05c302d8ad3e2a1e6ea511') in 0.022038 seconds 
========================================================================
Received Import Request.
  Time since last request: 0.000161 seconds.
  path: Assets/Signiture1_05.png
  artifactKey: Guid(5318b33b2e6f5a44299c76332c0c9d55) Importer(815301076,1909f56bfc062723c751e8b465ee728b)
Start importing Assets/Signiture1_05.png using Guid(5318b33b2e6f5a44299c76332c0c9d55) Importer(815301076,1909f56bfc062723c751e8b465ee728b)  -> (artifact id: 'ef429d46a287f8746f05720c2bc4089b') in 0.015592 seconds 
========================================================================
Received Import Request.
  Time since last request: 0.000181 seconds.
  path: Assets/경비소 로고.fbx
  artifactKey: Guid(a8a2ecd5da781a14292d170792820a92) Importer(815301076,1909f56bfc062723c751e8b465ee728b)
Start importing Assets/경비소 로고.fbx using Guid(a8a2ecd5da781a14292d170792820a92) Importer(815301076,1909f56bfc062723c751e8b465ee728b)  -> (artifact id: 'c7955199704b148e3d1d8fc1a4a5e053') in 0.208423 seconds 
========================================================================
Received Import Request.
  Time since last request: 0.000216 seconds.
  path: Assets/CCTV 팻말.fbx
  artifactKey: Guid(d4d4c9ee69d0cdb48b4f17fb753f9c7c) Importer(815301076,1909f56bfc062723c751e8b465ee728b)
Start importing Assets/CCTV 팻말.fbx using Guid(d4d4c9ee69d0cdb48b4f17fb753f9c7c) Importer(815301076,1909f56bfc062723c751e8b465ee728b)  -> (artifact id: 'f40efd235a9c5a1ff25fcf401384c7a8') in 0.186833 seconds 
========================================================================
Received Import Request.
  Time since last request: 0.000150 seconds.
  path: Assets/조형물.fbx
  artifactKey: Guid(1cefd8ab3fcc92640939ab9e9a82ac04) Importer(815301076,1909f56bfc062723c751e8b465ee728b)
Start importing Assets/조형물.fbx using Guid(1cefd8ab3fcc92640939ab9e9a82ac04) Importer(815301076,1909f56bfc062723c751e8b465ee728b)  -> (artifact id: '0adb369821a3540d489588ed9df7bff6') in 0.016076 seconds 
========================================================================
Received Import Request.
  Time since last request: 0.000224 seconds.
  path: Assets/경비소 Prefab.prefab
  artifactKey: Guid(3e34c84635e42ee4c836b5cfb6592538) Importer(815301076,1909f56bfc062723c751e8b465ee728b)
Start importing Assets/경비소 Prefab.prefab using Guid(3e34c84635e42ee4c836b5cfb6592538) Importer(815301076,1909f56bfc062723c751e8b465ee728b)  -> (artifact id: '278cff2a18cbefbf41b75f92dbcf648f') in 0.410820 seconds 
========================================================================
Received Import Request.
  Time since last request: 0.000193 seconds.
  path: Assets/barricade.prefab
  artifactKey: Guid(2d0a9b085ca56ec4cab9b4338040f113) Importer(815301076,1909f56bfc062723c751e8b465ee728b)
Start importing Assets/barricade.prefab using Guid(2d0a9b085ca56ec4cab9b4338040f113) Importer(815301076,1909f56bfc062723c751e8b465ee728b)  -> (artifact id: '485b7abe8d86f21be67f5e2754bf359f') in 0.225085 seconds 
========================================================================
Received Import Request.
  Time since last request: 0.000125 seconds.
  path: Assets/border_prefab Variant.prefab
  artifactKey: Guid(2f7d0ad31e7ec9945a719992eeb277d0) Importer(815301076,1909f56bfc062723c751e8b465ee728b)
Start importing Assets/border_prefab Variant.prefab using Guid(2f7d0ad31e7ec9945a719992eeb277d0) Importer(815301076,1909f56bfc062723c751e8b465ee728b)  -> (artifact id: '26d69e17f57edefbb4b501b22302afd9') in 0.184680 seconds 
========================================================================
Received Import Request.
  Time since last request: 0.000355 seconds.
  path: Assets/NewLayer 3.terrainlayer
  artifactKey: Guid(398a0222749201048943b23e8f1a8339) Importer(815301076,1909f56bfc062723c751e8b465ee728b)
Start importing Assets/NewLayer 3.terrainlayer using Guid(398a0222749201048943b23e8f1a8339) Importer(815301076,1909f56bfc062723c751e8b465ee728b)  -> (artifact id: '9b23a44999957a1dbe44815eaf7a449f') in 0.015912 seconds 
========================================================================
Received Import Request.
  Time since last request: 0.000266 seconds.
  path: Assets/지형1_맵핑.fbx
  artifactKey: Guid(f6634eba8a9b705458a07367495d1cca) Importer(815301076,1909f56bfc062723c751e8b465ee728b)
Start importing Assets/지형1_맵핑.fbx using Guid(f6634eba8a9b705458a07367495d1cca) Importer(815301076,1909f56bfc062723c751e8b465ee728b)  -> (artifact id: 'ff962a8df139189d6c105d55cdc39f63') in 0.071789 seconds 
========================================================================
Received Import Request.
  Time since last request: 0.000147 seconds.
  path: Assets/cctv.jpg
  artifactKey: Guid(a6e75edd5940d2e41abc8a686bc38872) Importer(815301076,1909f56bfc062723c751e8b465ee728b)
Start importing Assets/cctv.jpg using Guid(a6e75edd5940d2e41abc8a686bc38872) Importer(815301076,1909f56bfc062723c751e8b465ee728b)  -> (artifact id: 'a458b4080463c5fc95ca45f2b984c7d2') in 0.016143 seconds 
========================================================================
Received Import Request.
  Time since last request: 0.000171 seconds.
  path: Assets/Blue.png
  artifactKey: Guid(9c4a7fb9fbbd8dd45baceab94532a693) Importer(815301076,1909f56bfc062723c751e8b465ee728b)
Start importing Assets/Blue.png using Guid(9c4a7fb9fbbd8dd45baceab94532a693) Importer(815301076,1909f56bfc062723c751e8b465ee728b)  -> (artifact id: 'ac703f0c2c1f0782a39f235c60c031f8') in 0.011655 seconds 
========================================================================
Received Import Request.
  Time since last request: 0.000171 seconds.
  path: Assets/Parking Gate (1) Variant.prefab
  artifactKey: Guid(f844cad57791f0a40a1e6b4f34bc6653) Importer(815301076,1909f56bfc062723c751e8b465ee728b)
Start importing Assets/Parking Gate (1) Variant.prefab using Guid(f844cad57791f0a40a1e6b4f34bc6653) Importer(815301076,1909f56bfc062723c751e8b465ee728b)  -> (artifact id: '9ed0c9465f50cf2592744e6b1b5daa34') in 0.028640 seconds 
========================================================================
Received Import Request.
  Time since last request: 0.000141 seconds.
  path: Assets/New Terrain.asset
  artifactKey: Guid(7376132c3802388449fff29834d447a6) Importer(815301076,1909f56bfc062723c751e8b465ee728b)
Start importing Assets/New Terrain.asset using Guid(7376132c3802388449fff29834d447a6) Importer(815301076,1909f56bfc062723c751e8b465ee728b)  -> (artifact id: 'bcea67e4bb28ace417f0ce378fc020eb') in 0.015522 seconds 
========================================================================
Received Import Request.
  Time since last request: 0.000135 seconds.
  path: Assets/Signiture2_02.png
  artifactKey: Guid(64e78094896dcb44eb6349885085d4f1) Importer(815301076,1909f56bfc062723c751e8b465ee728b)
Start importing Assets/Signiture2_02.png using Guid(64e78094896dcb44eb6349885085d4f1) Importer(815301076,1909f56bfc062723c751e8b465ee728b)  -> (artifact id: '4ed56bf9a9f9c1574ce19168860af8dd') in 0.012164 seconds 
========================================================================
Received Import Request.
  Time since last request: 0.000269 seconds.
  path: Assets/경비소.fbx
  artifactKey: Guid(eed4a7a9384a42d4ea85294244464ccd) Importer(815301076,1909f56bfc062723c751e8b465ee728b)
Start importing Assets/경비소.fbx using Guid(eed4a7a9384a42d4ea85294244464ccd) Importer(815301076,1909f56bfc062723c751e8b465ee728b)  -> (artifact id: '1e1d9b902fdd47e068576da3a71bcdad') in 0.044740 seconds 
========================================================================
Received Import Request.
  Time since last request: 0.000178 seconds.
  path: Assets/border_prefab.prefab
  artifactKey: Guid(0978ca077f762d642bd0b0e8f7c86c7b) Importer(815301076,1909f56bfc062723c751e8b465ee728b)
Start importing Assets/border_prefab.prefab using Guid(0978ca077f762d642bd0b0e8f7c86c7b) Importer(815301076,1909f56bfc062723c751e8b465ee728b)  -> (artifact id: '9c82e87ce9a4c843bf6a2d14d7998ac9') in 0.013094 seconds 
========================================================================
Received Import Request.
  Time since last request: 0.000158 seconds.
  path: Assets/면조명.fbx
  artifactKey: Guid(789e69030ef11fd4fb391addadbc9f9c) Importer(815301076,1909f56bfc062723c751e8b465ee728b)
Start importing Assets/면조명.fbx using Guid(789e69030ef11fd4fb391addadbc9f9c) Importer(815301076,1909f56bfc062723c751e8b465ee728b)  -> (artifact id: '41ee847000f5a3e795bdb3e0b9d50bc1') in 0.046563 seconds 
========================================================================
Received Import Request.
  Time since last request: 0.000124 seconds.
  path: Assets/NewLayer.terrainlayer
  artifactKey: Guid(59a7a03562ea84046beac42334ad766e) Importer(815301076,1909f56bfc062723c751e8b465ee728b)
Start importing Assets/NewLayer.terrainlayer using Guid(59a7a03562ea84046beac42334ad766e) Importer(815301076,1909f56bfc062723c751e8b465ee728b)  -> (artifact id: '2c46ae1ad0c08894350f0b36c8eef469') in 0.010342 seconds 
========================================================================
Received Import Request.
  Time since last request: 0.000212 seconds.
  path: Assets/Green.png
  artifactKey: Guid(806128ea9b0be304d9ec1e93abe4a302) Importer(815301076,1909f56bfc062723c751e8b465ee728b)
Start importing Assets/Green.png using Guid(806128ea9b0be304d9ec1e93abe4a302) Importer(815301076,1909f56bfc062723c751e8b465ee728b)  -> (artifact id: '6fda1deb37837c9c75e08ca4286bedfa') in 0.011009 seconds 
========================================================================
Received Import Request.
  Time since last request: 0.000135 seconds.
  path: Assets/NewLayer 2.terrainlayer
  artifactKey: Guid(6cdd502379907fd4cb097552fdd099cc) Importer(815301076,1909f56bfc062723c751e8b465ee728b)
Start importing Assets/NewLayer 2.terrainlayer using Guid(6cdd502379907fd4cb097552fdd099cc) Importer(815301076,1909f56bfc062723c751e8b465ee728b)  -> (artifact id: '9d97f704118892492d3711f1613adefa') in 0.011845 seconds 
AssetImportWorkerClient::OnTransportError - code=2 error=End of file
