Using pre-set license
Built from '2020.3/staging' branch; Version is '2020.3.30f1 (1fb1bf06830e) revision 2077119'; Using compiler version '192528614'; Build Type 'Release'
OS: 'Windows 10  (10.0.19043) 64bit Professional' Language: 'ko' Physical Memory: 32718 MB
BatchMode: 1, IsHumanControllingUs: 0, StartBugReporterOnCrash: 0, Is64bit: 1, IsPro: 0

COMMAND LINE ARGUMENTS:
C:\Program Files\Unity\Hub\Editor\2020.3.30f1\Editor\Unity.exe
-adb2
-batchMode
-noUpm
-name
AssetImportWorker0
-projectPath
C:/Users/User/My project
-logFile
Logs/AssetImportWorker0.log
-srvPort
64792
Successfully changed project path to: C:/Users/User/My project
C:/Users/User/My project
Using Asset Import Pipeline V2.
Refreshing native plugins compatible for Editor in 21.88 ms, found 2 plugins.
Preloading 0 native plugins for Editor in 0.00 ms.
Initialize engine version: 2020.3.30f1 (1fb1bf06830e)
[Subsystems] Discovering subsystems at path C:/Program Files/Unity/Hub/Editor/2020.3.30f1/Editor/Data/Resources/UnitySubsystems
[Subsystems] Discovering subsystems at path C:/Users/User/My project/Assets
GfxDevice: creating device client; threaded=0
Direct3D:
    Version:  Direct3D 11.0 [level 11.1]
    Renderer: NVIDIA GeForce RTX 3070 (ID=0x2488)
    Vendor:   
    VRAM:     8043 MB
    Driver:   30.0.14.7122
Initialize mono
Mono path[0] = 'C:/Program Files/Unity/Hub/Editor/2020.3.30f1/Editor/Data/Managed'
Mono path[1] = 'C:/Program Files/Unity/Hub/Editor/2020.3.30f1/Editor/Data/MonoBleedingEdge/lib/mono/unityjit'
Mono config path = 'C:/Program Files/Unity/Hub/Editor/2020.3.30f1/Editor/Data/MonoBleedingEdge/etc'
Using monoOptions --debugger-agent=transport=dt_socket,embedding=1,server=y,suspend=n,address=127.0.0.1:56912
Begin MonoManager ReloadAssembly
Registering precompiled unity dll's ...
Register platform support module: C:/Program Files/Unity/Hub/Editor/2020.3.30f1/Editor/Data/PlaybackEngines/WebGLSupport/UnityEditor.WebGL.Extensions.dll
Register platform support module: C:/Program Files/Unity/Hub/Editor/2020.3.30f1/Editor/Data/PlaybackEngines/WindowsStandaloneSupport/UnityEditor.WindowsStandalone.Extensions.dll
Registered in 0.004056 seconds.
Native extension for WindowsStandalone target not found
Native extension for WebGL target not found
Refreshing native plugins compatible for Editor in 20.37 ms, found 2 plugins.
Preloading 0 native plugins for Editor in 0.00 ms.
Mono: successfully reloaded assembly
- Completed reload, in  0.399 seconds
Domain Reload Profiling:
	ReloadAssembly (400ms)
		BeginReloadAssembly (66ms)
			ExecutionOrderSort (0ms)
			DisableScriptedObjects (0ms)
			BackupInstance (0ms)
			ReleaseScriptingObjects (0ms)
			CreateAndSetChildDomain (1ms)
		EndReloadAssembly (276ms)
			LoadAssemblies (63ms)
			RebuildTransferFunctionScriptingTraits (0ms)
			SetupTypeCache (86ms)
			ReleaseScriptCaches (0ms)
			RebuildScriptCaches (17ms)
			SetupLoadedEditorAssemblies (104ms)
				LogAssemblyErrors (0ms)
				InitializePlatformSupportModulesInManaged (4ms)
				SetLoadedEditorAssemblies (0ms)
				RefreshPlugins (20ms)
				BeforeProcessingInitializeOnLoad (5ms)
				ProcessInitializeOnLoadAttributes (53ms)
				ProcessInitializeOnLoadMethodAttributes (21ms)
				AfterProcessingInitializeOnLoad (0ms)
				EditorAssembliesLoaded (0ms)
			ExecutionOrderSort2 (0ms)
			AwakeInstancesAfterBackupRestoration (0ms)
Platform modules already initialized, skipping
Registering precompiled user dll's ...
Registered in 0.005263 seconds.
Begin MonoManager ReloadAssembly
Native extension for WindowsStandalone target not found
Native extension for WebGL target not found
Refreshing native plugins compatible for Editor in 0.29 ms, found 2 plugins.
Preloading 0 native plugins for Editor in 0.00 ms.
Mono: successfully reloaded assembly
- Completed reload, in  0.659 seconds
Domain Reload Profiling:
	ReloadAssembly (660ms)
		BeginReloadAssembly (117ms)
			ExecutionOrderSort (0ms)
			DisableScriptedObjects (3ms)
			BackupInstance (0ms)
			ReleaseScriptingObjects (0ms)
			CreateAndSetChildDomain (12ms)
		EndReloadAssembly (494ms)
			LoadAssemblies (87ms)
			RebuildTransferFunctionScriptingTraits (0ms)
			SetupTypeCache (155ms)
			ReleaseScriptCaches (0ms)
			RebuildScriptCaches (23ms)
			SetupLoadedEditorAssemblies (198ms)
				LogAssemblyErrors (0ms)
				InitializePlatformSupportModulesInManaged (4ms)
				SetLoadedEditorAssemblies (0ms)
				RefreshPlugins (0ms)
				BeforeProcessingInitializeOnLoad (46ms)
				ProcessInitializeOnLoadAttributes (129ms)
				ProcessInitializeOnLoadMethodAttributes (6ms)
				AfterProcessingInitializeOnLoad (11ms)
				EditorAssembliesLoaded (0ms)
			ExecutionOrderSort2 (0ms)
			AwakeInstancesAfterBackupRestoration (4ms)
Platform modules already initialized, skipping
========================================================================
Worker process is ready to serve import requests
Launched and connected shader compiler UnityShaderCompiler.exe after 0.32 seconds
Refreshing native plugins compatible for Editor in 0.32 ms, found 2 plugins.
Preloading 0 native plugins for Editor in 0.00 ms.
Unloading 1502 Unused Serialized files (Serialized files now loaded: 0)
System memory in use before: 67.7 MB.
System memory in use after: 67.7 MB.

Unloading 16 unused Assets to reduce memory usage. Loaded Objects now: 1937.
Total: 2.021800 ms (FindLiveObjects: 0.098200 ms CreateObjectMapping: 0.027500 ms MarkObjects: 1.845300 ms  DeleteObjects: 0.050300 ms)

AssetImportParameters requested are different than current active one (requested -> active):
  custom:framework-win-MediaFoundation: 216162199b28c13a410421893ffa2e32 -> 
  custom:video-decoder-ogg-theora: a1e56fd34408186e4bbccfd4996cb3dc -> 
  custom:container-muxer-webm: aa71ff27fc2769a1b78a27578f13a17b -> 
  custom:container-demuxer-webm: 4f35f7cbe854078d1ac9338744f61a02 -> 
  custom:container-demuxer-ogg: 62fdf1f143b41e24485cea50d1cbac27 -> 
  custom:video-encoder-webm-vp8: eb34c28f22e8b96e1ab97ce403110664 -> 
  custom:video-decoder-webm-vp8: 9c59270c3fd7afecdb556c50c9e8de78 -> 
  custom:audio-decoder-ogg-vorbis: bf7c407c2cedff20999df2af8eb42d56 -> 
  custom:audio-encoder-webm-vorbis: bf7c407c2cedff20999df2af8eb42d56 -> 
========================================================================
Received Import Request.
  path: Assets/Robot Kyle/Model
  artifactKey: Guid(2078cea47cc202e45bd9f9814cd3edf9) Importer(815301076,1909f56bfc062723c751e8b465ee728b)
Start importing Assets/Robot Kyle/Model using Guid(2078cea47cc202e45bd9f9814cd3edf9) Importer(815301076,1909f56bfc062723c751e8b465ee728b)  -> (artifact id: '8fd374a2b25b4ba9ab7f77f2fa6a5ce5') in 0.007291 seconds 
========================================================================
Received Import Request.
  Time since last request: 0.000124 seconds.
  path: Assets/Robot Kyle/Model/Robot Kyle.fbx
  artifactKey: Guid(320b1c2af77554f99a1658df4a6d3d5c) Importer(815301076,1909f56bfc062723c751e8b465ee728b)
Start importing Assets/Robot Kyle/Model/Robot Kyle.fbx using Guid(320b1c2af77554f99a1658df4a6d3d5c) Importer(815301076,1909f56bfc062723c751e8b465ee728b)  -> (artifact id: 'c4b334a76ace6e356d693de07ba114cd') in 0.236911 seconds 
========================================================================
Received Import Request.
  Time since last request: 355.933536 seconds.
  path: Assets/Robot Kyle/Model/Robot Kyle.prefab
  artifactKey: Guid(b93fa9d024ef5994cb20e8e1f7c7d6cb) Importer(815301076,1909f56bfc062723c751e8b465ee728b)
Start importing Assets/Robot Kyle/Model/Robot Kyle.prefab using Guid(b93fa9d024ef5994cb20e8e1f7c7d6cb) Importer(815301076,1909f56bfc062723c751e8b465ee728b)  -> (artifact id: 'cacf0c526ac84d50c7a66320496808c7') in 0.019621 seconds 
========================================================================
Received Import Request.
  Time since last request: 76.645084 seconds.
  path: Assets/Robot Kyle/Model/Robot Kyle.prefab
  artifactKey: Guid(b93fa9d024ef5994cb20e8e1f7c7d6cb) Importer(815301076,1909f56bfc062723c751e8b465ee728b)
Start importing Assets/Robot Kyle/Model/Robot Kyle.prefab using Guid(b93fa9d024ef5994cb20e8e1f7c7d6cb) Importer(815301076,1909f56bfc062723c751e8b465ee728b)  -> (artifact id: '4b8be22d248fcfc0e33bc5ffacc85ad0') in 0.013267 seconds 
========================================================================
Received Import Request.
  Time since last request: 1.987915 seconds.
  path: Assets/Robot Kyle/Model/Robot Kyle.prefab
  artifactKey: Guid(b93fa9d024ef5994cb20e8e1f7c7d6cb) Importer(815301076,1909f56bfc062723c751e8b465ee728b)
Start importing Assets/Robot Kyle/Model/Robot Kyle.prefab using Guid(b93fa9d024ef5994cb20e8e1f7c7d6cb) Importer(815301076,1909f56bfc062723c751e8b465ee728b)  -> (artifact id: '5278aac7f77b8dfc89e91270e4f7b34f') in 0.012262 seconds 
========================================================================
Received Import Request.
  Time since last request: 0.991887 seconds.
  path: Assets/Robot Kyle/Model/Robot Kyle.prefab
  artifactKey: Guid(b93fa9d024ef5994cb20e8e1f7c7d6cb) Importer(815301076,1909f56bfc062723c751e8b465ee728b)
Start importing Assets/Robot Kyle/Model/Robot Kyle.prefab using Guid(b93fa9d024ef5994cb20e8e1f7c7d6cb) Importer(815301076,1909f56bfc062723c751e8b465ee728b)  -> (artifact id: 'c6935b763a24ce50892d2e48039a5e71') in 0.010267 seconds 
========================================================================
Received Import Request.
  Time since last request: 1.806385 seconds.
  path: Assets/Robot Kyle/Model/Robot Kyle.prefab
  artifactKey: Guid(b93fa9d024ef5994cb20e8e1f7c7d6cb) Importer(815301076,1909f56bfc062723c751e8b465ee728b)
Start importing Assets/Robot Kyle/Model/Robot Kyle.prefab using Guid(b93fa9d024ef5994cb20e8e1f7c7d6cb) Importer(815301076,1909f56bfc062723c751e8b465ee728b)  -> (artifact id: 'e6dfc078de5043333486d7dbc8e37ed4') in 0.011462 seconds 
========================================================================
Received Import Request.
  Time since last request: 20.937280 seconds.
  path: Assets/Robot Kyle/Model/Robot Kyle.prefab
  artifactKey: Guid(b93fa9d024ef5994cb20e8e1f7c7d6cb) Importer(815301076,1909f56bfc062723c751e8b465ee728b)
Start importing Assets/Robot Kyle/Model/Robot Kyle.prefab using Guid(b93fa9d024ef5994cb20e8e1f7c7d6cb) Importer(815301076,1909f56bfc062723c751e8b465ee728b)  -> (artifact id: '95cd0cccdebb5fffa01b11be9288d434') in 0.013041 seconds 
AssetImportWorkerClient::OnTransportError - code=2 error=End of file
